08/14/2020 11:21:46Execution Started,WhatsApp Configuration values are fetched
08/14/2020 11:21:46Adding WhatsApp configuration values to Dictionary
08/14/2020 11:21:46Writing Customer details to excel
08/14/2020 11:22:38WhatsApp Automation for a valid number
08/14/2020 11:23:35WhatsApp Automation for an invalid number
08/14/2020 11:24:09WhatsApp Automation for a valid number
08/14/2020 11:24:44WhatsApp Automation for a valid number
08/14/2020 11:25:41WhatsApp Automation for an invalid number
08/14/2020 11:25:41Fetching Mail configuration Values
08/14/2020 11:25:41Adding configuration mail values to dictionary variables
08/14/2020 11:25:41WhatsApp Automation for a valid number
08/14/2020 11:25:45Mail Automation for the provided email
08/14/2020 11:25:49Mail Automation for the provided email

08/14/2020 11:27:20Execution Started,WhatsApp Configuration values are fetched
08/14/2020 11:27:20Adding WhatsApp configuration values to Dictionary
08/14/2020 11:27:21Writing Customer details to excel
08/14/2020 11:27:37Fetching Mail configuration Values
08/14/2020 11:27:37Adding configuration mail values to dictionary variables
08/14/2020 11:27:37WhatsApp Automation for a valid number
08/14/2020 11:27:41Mail Automation for the provided email
08/14/2020 11:27:45Mail Automation for the provided email
08/14/2020 11:36:24Execution Started,WhatsApp Configuration values are fetched
08/14/2020 11:36:24Adding WhatsApp configuration values to Dictionary
08/14/2020 11:36:24Writing Customer details to excel
08/14/2020 11:37:15WhatsApp Automation for a valid number
08/14/2020 11:38:12WhatsApp Automation for an invalid number
08/14/2020 11:38:46WhatsApp Automation for a valid number
08/14/2020 11:39:20WhatsApp Automation for a valid number
08/14/2020 11:40:17WhatsApp Automation for an invalid number
08/14/2020 11:40:17Fetching Mail configuration Values
08/14/2020 11:40:17Adding configuration mail values to dictionary variables
08/14/2020 11:40:17WhatsApp Automation for a valid number
08/14/2020 11:40:21Mail Automation for the provided email
08/14/2020 11:40:24Mail Automation for the provided email
08/14/2020 11:40:28Mail Automation for the provided email
08/14/2020 11:40:31Mail Automation for the provided email